[LOG] SystemI::init                            : FMOD Studio Version: 00010800 (73592)
[LOG] SystemI::init                            : maxchannels = 1024, flags = 00030000, extradriverdata = 0000000000000000
[LOG] SystemI::close                           : 
[LOG] SystemI::close                           : Stop all sounds
[LOG] SystemI::close                           : done.

[LOG] OutputWASAPI::init                       : Mix Format (WAVEFORMATEX): wFormatTag=0xFFFE, nChannels=2, nSamplesPerSec=48000, nAvgBytesPerSec=384000, nBlockAlign=8, wBitsPerSample=32, cbSize=22.
[LOG] OutputWASAPI::init                       : Mix Format (WAVEFORMATEXTENSIBLE): wValidBitsPerSample=32, dwChannelMask=0x00000003, SubFormat=00000003-0000-0010-8000-00AA00389B71.
[LOG] OutputWASAPI::init                       : Output buffer size: 4096 samples, latency: 0.00ms, period: 10.00ms, DSP buffer: 1024 * 4
[LOG] Thread::initThread                       : Initializing FMOD mixer thread.  priority 3
[LOG] Thread::initThread                       : - Stacksize 49152.  Stack pointer 0000000000000000 : usesemaphore = 0 : sleeptime = 0
[LOG] Thread::callback                         : * FMOD mixer thread started
[LOG] SystemI::init                            : Set up emulated output
[LOG] SystemI::init                            : create the channel pool
[LOG] Thread::initThread                       : Initializing FMOD stream thread.  priority 2
[LOG] Thread::initThread                       : - Stacksize 65536.  Stack pointer 0000000000000000 : usesemaphore = 0 : sleeptime = 10
[LOG] Thread::callback                         : * FMOD stream thread started
[LOG] Thread::initThread                       : Initializing FMOD Studio update thread.  priority 0
[LOG] Thread::initThread                       : - Stacksize 65536.  Stack pointer 0000000000000000 : usesemaphore = 0 : sleeptime = 1
[LOG] Thread::callback                         : * FMOD Studio update thread started
[LOG] Thread::initThread                       : Initializing FMOD Studio sample load thread.  priority 0
[LOG] Thread::initThread                       : - Stacksize 65536.  Stack pointer 0000000000000000 : usesemaphore = 0 : sleeptime = 1
[LOG] Thread::callback                         : * FMOD Studio sample load thread started
[LOG] LiveUpdate::init                         : 
[LOG] Thread::initThread                       : Initializing FMOD Studio bank load thread.  priority 0
[LOG] Thread::initThread                       : - Stacksize 65536.  Stack pointer 0000000000000000 : usesemaphore = 0 : sleeptime = 1
[LOG] Thread::callback                         : * FMOD Studio bank load thread started
[LOG] Profile::init                            : Profiler listening on port: 9264
[LOG] Manager::readBank                        : fileversion = 74, compatVersion = 70 (oldest = 44, newest = 72)
[LOG] Manager::readBank                        : fileversion = 74, compatVersion = 70 (oldest = 44, newest = 72)
[LOG] SystemI::createSoundInternal             : filename =  : mode 0a000202
[LOG] SystemI::createSoundInternal             : exinfo->cbsize             = 232
[LOG] SystemI::createSoundInternal             : exinfo->length             = 564000
[LOG] SystemI::createSoundInternal             : exinfo->fileoffset         = 15520
[LOG] SystemI::createSoundInternal             : exinfo->numsubsounds       = 1
[LOG] SystemI::createSoundInternal             : exinfo->inclusionlist      = 000000006F49FB28
[LOG] SystemI::createSoundInternal             : exinfo->inclusionlistnum   = 1
[LOG] SystemI::createSoundInternal             : exinfo->suggestedsoundtype = 5
[LOG] SystemI::createSoundInternal             : exinfo->useropen           = 00007FFCA3C78650
[LOG] SystemI::createSoundInternal             : exinfo->userclose          = 00007FFCA3C793C0
[LOG] SystemI::createSoundInternal             : exinfo->userread           = 00007FFCA3C78730
[LOG] SystemI::createSoundInternal             : exinfo->userseek           = 00007FFCA3C787E0
[LOG] SystemI::createSoundInternal             : exinfo->fileuserdata       = 0000000025090D78
[LOG] SystemI::createSoundInternal             : exinfo->initialseekpostype = 1
[LOG] SystemI::createSoundInternal             : Format has 1 subsounds.
[LOG] SystemI::createSoundInternal             : Create as FMOD_CREATESAMPLE
[LOG] SystemI::createSoundInternal             : Multi-sample sound (1 subsounds), create a sample container.
[LOG] SystemI::createSoundInternal             : creating subsound 0/1
[LOG] SystemI::createSample                    : mode 0a000202 length 30998 samples, lengthbytes 6624
[LOG] SystemI::createSample                    : channels = 2
[LOG] SystemI::createSample                    : output = 000000001BF8EC78
[LOG] OutputSoftware::createSample             : lengthpcm 30998, lengthbytes 6624, channels 2, format 2, freq 48000, mode 0a00020a
[LOG] SystemI::createSoundInternal             : done.  OpenState now = FMOD_OPENSTATE_READY.

[LOG] SystemI::createSoundInternal             : filename =  : mode 0a000202
[LOG] SystemI::createSoundInternal             : exinfo->cbsize             = 232
[LOG] SystemI::createSoundInternal             : exinfo->length             = 564000
[LOG] SystemI::createSoundInternal             : exinfo->fileoffset         = 15520
[LOG] SystemI::createSoundInternal             : exinfo->numsubsounds       = 1
[LOG] SystemI::createSoundInternal             : exinfo->inclusionlist      = 000000006F49FB28
[LOG] SystemI::createSoundInternal             : exinfo->inclusionlistnum   = 1
[LOG] SystemI::createSoundInternal             : exinfo->suggestedsoundtype = 5
[LOG] SystemI::createSoundInternal             : exinfo->useropen           = 00007FFCA3C78650
[LOG] SystemI::createSoundInternal             : exinfo->userclose          = 00007FFCA3C793C0
[LOG] SystemI::createSoundInternal             : exinfo->userread           = 00007FFCA3C78730
[LOG] SystemI::createSoundInternal             : exinfo->userseek           = 00007FFCA3C787E0
[LOG] SystemI::createSoundInternal             : exinfo->fileuserdata       = 0000000025090D78
[LOG] SystemI::createSoundInternal             : exinfo->initialseekpostype = 1
[LOG] SystemI::createSoundInternal             : Format has 1 subsounds.
[LOG] SystemI::createSoundInternal             : Create as FMOD_CREATESAMPLE
[LOG] SystemI::createSoundInternal             : Multi-sample sound (1 subsounds), create a sample container.
[LOG] SystemI::createSoundInternal             : creating subsound 0/1
[LOG] SystemI::createSample                    : mode 0a000202 length 230958 samples, lengthbytes 57632
[LOG] SystemI::createSample                    : channels = 2
[LOG] SystemI::createSample                    : output = 000000001BF8EC78
[LOG] OutputSoftware::createSample             : lengthpcm 230958, lengthbytes 57632, channels 2, format 2, freq 48000, mode 0a00020a
[LOG] SystemI::createSoundInternal             : done.  OpenState now = FMOD_OPENSTATE_READY.

[LOG] SystemI::createSoundInternal             : filename =  : mode 0a000202
[LOG] SystemI::createSoundInternal             : exinfo->cbsize             = 232
[LOG] SystemI::createSoundInternal             : exinfo->length             = 564000
[LOG] SystemI::createSoundInternal             : exinfo->fileoffset         = 15520
[WRN] EventInstance::update                    : Event {23bcbb34-fac4-471b-952d-4bc71ff3d78d} waited 211 milliseconds for sample data to load.  Preload sample data to avoid this delay.
[LOG] SystemI::createSoundInternal             : exinfo->numsubsounds       = 1
[LOG] SystemI::createSound                     : filename = spaceship\Build\Desktop/Master Bank.bank : mode 0a010082
[LOG] SystemI::createSoundInternal             : exinfo->inclusionlist      = 000000006F49FB28
 to be opened asynchronously!
[LOG] SystemI::createSoundInternal             : exinfo->inclusionlistnum   = 1
[LOG] Thread::initThread                       : Initializing FMOD nonblocking thread (0).  priority 1
[LOG] SystemI::createSoundInternal             : exinfo->suggestedsoundtype = 5
r 0000000000000000 : usesemaphore = 1 : sleeptime = 0
[LOG] SystemI::createSoundInternal             : exinfo->useropen           = 00007FFCA3C78650
[LOG] Thread::callback                         : * FMOD nonblocking thread (0) started
[LOG] SystemI::createSoundInternal             : exinfo->userclose          = 00007FFCA3C793C0
[LOG] SystemI::createSound                     : setdata soundi = 00000000289A2AD8 : node = 0000000028AAA0D0
[LOG] SystemI::createSound                     : add node to async list : head = 00000000289A3250.  list count = 0
[LOG] SystemI::createSoundInternal             : exinfo->userseek           = 00007FFCA3C787E0
00289A2AD8
[LOG] SystemI::createSoundInternal             :     filename = spaceship\Build\Desktop/Master Bank.bank : mode 0a010082
[LOG] SystemI::createSoundInternal             :     exinfo->cbsize             = 232
[LOG] SystemI::createSoundInternal             :     exinfo->length             = 564000
[LOG] SystemI::createSoundInternal             :     Create as FMOD_CREATESAMPLE
15520
[LOG] SystemI::createSoundInternal             :     exinfo->numsubsounds       = 1
[LOG] SystemI::createSoundInternal             :     Multi-sample sound (1 subsounds), create a sample container.
[LOG] SystemI::createSoundInternal             :     creating subsound 0/1
    = 0000000028AAA1E8
[LOG] SystemI::createSoundInternal             :     exinfo->inclusionlistnum   = 1
es, lengthbytes 22816
[LOG] SystemI::createSoundInternal             :     exinfo->suggestedsoundtype = 5
[LOG] SystemI::createSample                    :     output = 000000001BF8EC78
= 1
[LOG] OutputSoftware::createSample             :     lengthpcm 74954, lengthbytes 22816, channels 2, format 2, freq 48000, mode 0a00020a
[LOG] SystemI::createSoundInternal             :     Format has 1 subsounds.
[LOG] SystemI::createSoundInternal             :     done.  OpenState now = FMOD_OPENSTATE_READY.

[LOG] System::createSoundInternal              :     decode buffersize = 19200 : blocksize = 256 : format = 2
[WRN] EventInstance::update                    :     Event {ec40f29e-315d-4c75-81d6-a6f99c6a3757} waited 321 milliseconds for sample data to load.  Preload sample data to avoid this delay.
[LOG] SystemI::createSample                    :     mode 0a010082 length 19200 samples, lengthbytes 113952
de 0a010082
[LOG] SystemI::createSample                    :     channels = 2
[LOG] SystemI::createSound                     :     FMOD_NONBLOCKING specified.  Putting into queue to be opened asynchronously!
[LOG] SystemI::createSample                    :     output = 000000001BF8EC78
9A22B8 : node = 000000002146AC30
[LOG] OutputSoftware::createSample             :     lengthpcm 19200, lengthbytes 113952, channels 2, format 2, freq 48000, mode 0a01008a
[LOG] System::createSoundInternal              :     1 subsounds detected.
[LOG] System::createSoundInternal              :     Seek stream to start
[LOG] System::createSoundInternal              :     flush stream buffer
[LOG] System::createSoundInternal              :     flush successful.
[LOG] System::createSoundInternal              :     switch file handle from small blocking single buffered to large nonblocking doublebuffered.
[LOG] Thread::initThread                       :         Initializing FMOD file thread.  priority 1
[LOG] Thread::initThread                       :         - Stacksize 16384.  Stack pointer 0000000000000000 : usesemaphore = 0 : sleeptime = 10
[LOG] Thread::callback                         :         * FMOD file thread started
[LOG] SystemI::createSoundInternal             :     done.  OpenState now = FMOD_OPENSTATE_READY.

[LOG] AsyncThread::threadFunc                  : Finished Asynchronous operation on sound 00000000289A2AD8
[LOG] SoundI::getSubSound                      : sound 00000000289A2AD8.  Subsound index 0 / 1
00289A22B8
[LOG] SystemI::createSoundInternal             :     filename = spaceship\Build\Desktop/Master Bank.bank : mode 0a010082
[LOG] SystemI::createSoundInternal             :     exinfo->cbsize             = 232
[LOG] SystemI::createSoundInternal             :     exinfo->length             = 564000
[LOG] SystemI::createSoundInternal             :     exinfo->fileoffset         = 15520
[LOG] SystemI::createSoundInternal             :     exinfo->numsubsounds       = 1
[LOG] SystemI::createSoundInternal             :     exinfo->inclusionlist      = 000000002146AD48
[LOG] SystemI::createSoundInternal             :     exinfo->inclusionlistnum   = 1
[LOG] SystemI::createSoundInternal             :     exinfo->suggestedsoundtype = 5
[LOG] SystemI::createSoundInternal             :     exinfo->initialseekpostype = 1
[LOG] SystemI::createSoundInternal             :     Format has 1 subsounds.
[LOG] SystemI::createSoundInternal             :     Create as FMOD_CREATESTREAM
[LOG] System::createSoundInternal              :     decode buffersize = 19200 : blocksize = 256 : format = 2
[LOG] SystemI::createSample                    :     mode 0a010082 length 19200 samples, lengthbytes 86560
[LOG] SystemI::createSample                    :     channels = 2
[LOG] SystemI::createSample                    :     output = 000000001BF8EC78
[LOG] OutputSoftware::createSample             :     lengthpcm 19200, lengthbytes 86560, channels 2, format 2, freq 48000, mode 0a01008a
[LOG] System::createSoundInternal              :     1 subsounds detected.
[LOG] System::createSoundInternal              :     Seek stream to start
[LOG] System::createSoundInternal              :     flush stream buffer
[LOG] System::createSoundInternal              :     flush successful.
[LOG] System::createSoundInternal              :     switch file handle from small blocking single buffered to large nonblocking doublebuffered.
[LOG] SystemI::createSoundInternal             :     done.  OpenState now = FMOD_OPENSTATE_READY.

[LOG] AsyncThread::threadFunc                  : Finished Asynchronous operation on sound 00000000289A22B8
[LOG] SoundI::getSubSound                      : sound 00000000289A22B8.  Subsound index 0 / 1
[LOG] SoundSourceInstrumentInstance::startChannelIfReady : Loading delay exceeded, sound may play at incorrect time
[LOG] SoundI::release                          : (null) (00000000289A2AD8)
[LOG] SoundI::release                          : remove stream samples. (00000000289A2AD8)
[LOG] SoundI::release                          :     (null) (000000002146AD68)
[LOG] SoundI::release                          : release subsounds. (00000000289A2AD8)
[LOG] SoundI::release                          :     (null) (00000000289A2458)
[LOG] SoundI::release                          : release codec. (00000000289A2AD8)
[LOG] SystemI::createSound                     : filename = spaceship\Build\Desktop/Master Bank.bank : mode 0a010082
[LOG] SystemI::createSound                     : FMOD_NONBLOCKING specified.  Putting into queue to be opened asynchronously!
[LOG] SystemI::createSound                     : setdata soundi = 00000000289A2458 : node = 0000000028AAA0D0
[LOG] SystemI::createSound                     : add node to async list : head = 00000000289A3250.  list count = 0
[LOG] AsyncThread::threadFunc                  : Starting Asynchronous operation on sound 00000000289A2458
[LOG] SystemI::createSoundInternal             :     filename = spaceship\Build\Desktop/Master Bank.bank : mode 0a010082
[LOG] SystemI::createSoundInternal             :     exinfo->cbsize             = 232
[LOG] SystemI::createSoundInternal             :     exinfo->length             = 564000
[LOG] SystemI::createSoundInternal             :     exinfo->fileoffset         = 15520
[LOG] SystemI::createSoundInternal             :     exinfo->numsubsounds       = 1
[LOG] SystemI::createSoundInternal             :     exinfo->inclusionlist      = 0000000028AAA1E8
[LOG] SystemI::createSoundInternal             :     exinfo->inclusionlistnum   = 1
[LOG] SystemI::createSoundInternal             :     exinfo->suggestedsoundtype = 5
[LOG] SystemI::createSoundInternal             :     exinfo->initialseekpostype = 1
[LOG] SystemI::createSoundInternal             :     Format has 1 subsounds.
[LOG] SystemI::createSoundInternal             :     Create as FMOD_CREATESTREAM
[LOG] System::createSoundInternal              :     decode buffersize = 19200 : blocksize = 256 : format = 2
[LOG] SystemI::createSample                    :     mode 0a010082 length 19200 samples, lengthbytes 113952
[LOG] SystemI::createSample                    :     channels = 2
[LOG] SystemI::createSample                    :     output = 000000001BF8EC78
[LOG] OutputSoftware::createSample             :     lengthpcm 19200, lengthbytes 113952, channels 2, format 2, freq 48000, mode 0a01008a
[LOG] System::createSoundInternal              :     1 subsounds detected.
[LOG] System::createSoundInternal              :     Seek stream to start
[LOG] System::createSoundInternal              :     flush stream buffer
[LOG] System::createSoundInternal              :     flush successful.
[LOG] System::createSoundInternal              :     switch file handle from small blocking single buffered to large nonblocking doublebuffered.
[LOG] SystemI::createSoundInternal             :     done.  OpenState now = FMOD_OPENSTATE_READY.

[LOG] AsyncThread::threadFunc                  : Finished Asynchronous operation on sound 00000000289A2458
[LOG] SoundI::getSubSound                      : sound 00000000289A2458.  Subsound index 0 / 1
[LOG] SoundI::release                          : (null) (00000000289A2458)
[LOG] SoundI::release                          : remove stream samples. (00000000289A2458)
[LOG] SoundI::release                          :     (null) (000000002146AD68)
[LOG] SoundI::release                          : release subsounds. (00000000289A2458)
[LOG] SoundI::release                          :     (null) (00000000289A2798)
[LOG] SoundI::release                          : release codec. (00000000289A2458)
[LOG] SystemI::createSound                     : filename = spaceship\Build\Desktop/Master Bank.bank : mode 0a010082
[LOG] SystemI::createSound                     : FMOD_NONBLOCKING specified.  Putting into queue to be opened asynchronously!
[LOG] SystemI::createSound                     : setdata soundi = 00000000289A2458 : node = 0000000028AAA0D0
[LOG] SystemI::createSound                     : add node to async list : head = 00000000289A3250.  list count = 0
[LOG] AsyncThread::threadFunc                  : Starting Asynchronous operation on sound 00000000289A2458
[LOG] SystemI::createSoundInternal             :     filename = spaceship\Build\Desktop/Master Bank.bank : mode 0a010082
[LOG] SystemI::createSoundInternal             :     exinfo->cbsize             = 232
[LOG] SystemI::createSoundInternal             :     exinfo->length             = 564000
[LOG] SystemI::createSoundInternal             :     exinfo->fileoffset         = 15520
[LOG] SystemI::createSoundInternal             :     exinfo->numsubsounds       = 1
[LOG] SystemI::createSoundInternal             :     exinfo->inclusionlist      = 0000000028AAA1E8
[LOG] SystemI::createSoundInternal             :     exinfo->inclusionlistnum   = 1
[LOG] SystemI::createSoundInternal             :     exinfo->suggestedsoundtype = 5
[LOG] SystemI::createSoundInternal             :     exinfo->initialseekpostype = 1
[LOG] SystemI::createSoundInternal             :     Format has 1 subsounds.
[LOG] SystemI::createSoundInternal             :     Create as FMOD_CREATESTREAM
[LOG] System::createSoundInternal              :     decode buffersize = 19200 : blocksize = 256 : format = 2
[LOG] SystemI::createSample                    :     mode 0a010082 length 19200 samples, lengthbytes 113952
[LOG] SystemI::createSample                    :     channels = 2
[LOG] SystemI::createSample                    :     output = 000000001BF8EC78
[LOG] OutputSoftware::createSample             :     lengthpcm 19200, lengthbytes 113952, channels 2, format 2, freq 48000, mode 0a01008a
[LOG] System::createSoundInternal              :     1 subsounds detected.
[LOG] System::createSoundInternal              :     Seek stream to start
[LOG] System::createSoundInternal              :     flush stream buffer
[LOG] System::createSoundInternal              :     flush successful.
[LOG] System::createSoundInternal              :     switch file handle from small blocking single buffered to large nonblocking doublebuffered.
[LOG] SystemI::createSoundInternal             :     done.  OpenState now = FMOD_OPENSTATE_READY.

[LOG] AsyncThread::threadFunc                  : Finished Asynchronous operation on sound 00000000289A2458
[LOG] SoundI::getSubSound                      : sound 00000000289A2458.  Subsound index 0 / 1
[LOG] SoundI::release                          : (null) (00000000289A2458)
[LOG] SoundI::release                          : remove stream samples. (00000000289A2458)
[LOG] SoundI::release                          :     (null) (000000002146AD68)
[LOG] SoundI::release                          : release subsounds. (00000000289A2458)
[LOG] SoundI::release                          :     (null) (00000000289A2E18)
[LOG] SoundI::release                          : release codec. (00000000289A2458)
[LOG] SystemI::createSound                     : filename = spaceship\Build\Desktop/Master Bank.bank : mode 0a010082
[LOG] SystemI::createSound                     : FMOD_NONBLOCKING specified.  Putting into queue to be opened asynchronously!
[LOG] SystemI::createSound                     : setdata soundi = 00000000289A25F8 : node = 0000000028AAA0D0
[LOG] SystemI::createSound                     : add node to async list : head = 00000000289A3250.  list count = 0
[LOG] AsyncThread::threadFunc                  : Starting Asynchronous operation on sound 00000000289A25F8
[LOG] SystemI::createSoundInternal             :     filename = spaceship\Build\Desktop/Master Bank.bank : mode 0a010082
[LOG] SystemI::createSoundInternal             :     exinfo->cbsize             = 232
[LOG] SystemI::createSoundInternal             :     exinfo->length             = 564000
[LOG] SystemI::createSoundInternal             :     exinfo->fileoffset         = 15520
[LOG] SystemI::createSoundInternal             :     exinfo->numsubsounds       = 1
[LOG] SystemI::createSoundInternal             :     exinfo->inclusionlist      = 0000000028AAA1E8
[LOG] SystemI::createSoundInternal             :     exinfo->inclusionlistnum   = 1
[LOG] SystemI::createSoundInternal             :     exinfo->suggestedsoundtype = 5
[LOG] SystemI::createSoundInternal             :     exinfo->initialseekpostype = 1
[LOG] SystemI::createSoundInternal             :     Format has 1 subsounds.
[LOG] SystemI::createSoundInternal             :     Create as FMOD_CREATESTREAM
[LOG] System::createSoundInternal              :     decode buffersize = 19200 : blocksize = 256 : format = 2
[LOG] SystemI::createSample                    :     mode 0a010082 length 19200 samples, lengthbytes 113952
[LOG] SystemI::createSample                    :     channels = 2
[LOG] SystemI::createSample                    :     output = 000000001BF8EC78
[LOG] OutputSoftware::createSample             :     lengthpcm 19200, lengthbytes 113952, channels 2, format 2, freq 48000, mode 0a01008a
[LOG] System::createSoundInternal              :     1 subsounds detected.
[LOG] System::createSoundInternal              :     Seek stream to start
[LOG] System::createSoundInternal              :     flush stream buffer
[LOG] System::createSoundInternal              :     flush successful.
[LOG] System::createSoundInternal              :     switch file handle from small blocking single buffered to large nonblocking doublebuffered.
[LOG] SystemI::createSoundInternal             :     done.  OpenState now = FMOD_OPENSTATE_READY.

[LOG] AsyncThread::threadFunc                  : Finished Asynchronous operation on sound 00000000289A25F8
[LOG] SoundI::getSubSound                      : sound 00000000289A25F8.  Subsound index 0 / 1
[LOG] SoundI::release                          : (null) (00000000289A25F8)
[LOG] SoundI::release                          : remove stream samples. (00000000289A25F8)
[LOG] SoundI::release                          :     (null) (000000002146AD68)
[LOG] SoundI::release                          : release subsounds. (00000000289A25F8)
[LOG] SoundI::release                          :     (null) (00000000289A2458)
[LOG] SoundI::release                          : release codec. (00000000289A25F8)
[LOG] SoundI::release                          : (null) (00000000289A22B8)
[LOG] SoundI::release                          : remove stream samples. (00000000289A22B8)
[LOG] SoundI::release                          :     (null) (00000000214C29C8)
[LOG] SoundI::release                          : release subsounds. (00000000289A22B8)
[LOG] SoundI::release                          :     (null) (00000000289A2938)
[LOG] SoundI::release                          : release codec. (00000000289A22B8)
[LOG] SoundI::release                          : (null) (0000000028AAAA58)
[LOG] SoundI::release                          : release subsounds. (0000000028AAAA58)
[LOG] SoundI::release                          :     (null) (0000000028AAADC8)
[LOG] SoundI::release                          : release codec. (0000000028AAAA58)
[LOG] SoundI::release                          : (null) (0000000028AAA218)
[LOG] SoundI::release                          : release subsounds. (0000000028AAA218)
[LOG] SoundI::release                          :     (null) (0000000028AAA388)
[LOG] SoundI::release                          : release codec. (0000000028AAA218)
[LOG] SoundI::release                          : (null) (0000000028AAA518)
[LOG] SoundI::release                          : release subsounds. (0000000028AAA518)
[LOG] SoundI::release                          :     (null) (0000000028AAA688)
[LOG] SoundI::release                          : release codec. (0000000028AAA518)
[LOG] Thread::callback                         : * FMOD Studio update thread finished
[LOG] Thread::close                            : FMOD Studio update thread thread destroyed
[LOG] Thread::callback                         : * FMOD Studio bank load thread finished
[LOG] Thread::close                            : FMOD Studio bank load thread thread destroyed
[LOG] Profile::disconnectAll                   : Profiler disconnecting all clients
[LOG] Thread::callback                         : * FMOD Studio sample load thread finished
[LOG] Thread::close                            : FMOD Studio sample load thread thread destroyed
[LOG] LiveUpdate::release                      : 
[LOG] SystemI::close                           : 
[LOG] SystemI::close                           : Stop all sounds
[LOG] Thread::callback                         : * FMOD stream thread finished
[LOG] Thread::close                            : FMOD stream thread thread destroyed
[LOG] SystemI::close                           : Stream thread destroyed
[LOG] Thread::callback                         : * FMOD mixer thread finished
[LOG] Thread::close                            : FMOD mixer thread thread destroyed
[LOG] SystemI::close                           : Free master channel group.
[LOG] SystemI::close                           : Remove 'master' sound group.
[LOG] SystemI::close                           : Free software output.
[LOG] SystemI::close                           : Free emulated output.
[LOG] SystemI::close                           : Free channel pool.
[LOG] Thread::callback                         : * FMOD nonblocking thread (0) finished
[LOG] Thread::close                            : FMOD nonblocking thread (0) thread destroyed
[LOG] Thread::callback                         : * FMOD file thread finished
[LOG] Thread::close                            : FMOD file thread thread destroyed
[LOG] SystemI::close                           : done.

